<?xml version="1.0" encoding="UTF-8"?>
<!-- Generated by org.testng.reporters.JUnitReportReporter -->
<testsuite hostname="DESKTOP-QRG2C8B" failures="0" tests="2" name="com.dataprovider.Demo" time="0.007" errors="0" timestamp="2021-03-26T11:10:00 IST" skipped="0">
  <testcase classname="com.dataprovider.Demo" name="test" time="0.006"/>
  <system-out/>
  <testcase classname="com.dataprovider.Demo" name="test" time="0.001"/>
  <system-out/>
</testsuite> <!-- com.dataprovider.Demo -->
