<?xml version="1.0" encoding="UTF-8"?>
<!-- Generated by org.testng.reporters.JUnitReportReporter -->
<testsuite hostname="DESKTOP-QRG2C8B" failures="0" tests="4" name="com.testNg.Demoa" time="0.010" errors="0" timestamp="2021-03-25T13:02:07 IST" skipped="0">
  <testcase classname="com.testNg.Demoa" name="testLogin" time="0.006"/>
  <system-out>
Login to the application successfull  </system-out>
  <testcase classname="com.testNg.Demoa" name="testCreateUser" time="0.002"/>
  <system-out>
User created successfully  </system-out>
  <testcase classname="com.testNg.Demoa" name="testUpdateUser" time="0.001"/>
  <system-out>
User profile updated successfully  </system-out>
  <testcase classname="com.testNg.Demoa" name="testDeleteUser" time="0.001"/>
  <system-out>
User deleted successfully  </system-out>
</testsuite> <!-- com.testNg.Demoa -->
