<?xml version="1.0" encoding="UTF-8"?>
<!-- Generated by org.testng.reporters.JUnitReportReporter -->
<testsuite hostname="DESKTOP-QRG2C8B" failures="0" tests="1" name="com.testNga.Demo" time="0.005" errors="0" timestamp="2021-03-25T13:30:48 IST" skipped="0">
  <testcase classname="com.testNga.Demo" name="test_01" time="0.005"/>
  <system-out>
user purchased plan successfully  </system-out>
</testsuite> <!-- com.testNga.Demo -->
