<?xml version="1.0" encoding="UTF-8"?>
<!-- Generated by org.testng.reporters.JUnitReportReporter -->
<testsuite hostname="DESKTOP-QRG2C8B" failures="0" tests="3" name="com.testNg.Demo" time="0.009" errors="0" timestamp="2021-03-25T12:51:32 IST" skipped="0">
  <testcase classname="com.testNg.Demo" name="test_01" time="0.007"/>
  <system-out>
Hii  </system-out>
  <testcase classname="com.testNg.Demo" name="test_03" time="0.001"/>
  <system-out>
How are you  </system-out>
  <testcase classname="com.testNg.Demo" name="test_02" time="0.001"/>
  <system-out>
Go for a tea  </system-out>
</testsuite> <!-- com.testNg.Demo -->
